[14:35:20] [main/INFO] (FabricLoader) Loading for game Minecraft 1.16-rc1
[14:35:20] [main/INFO] (Fabric|Loader) [FabricLoader] Loading 39 mods: minecraft@1.16-rc.9, fabric-networking-blockentity-v0@0.2.5+b50ffc7b7c, fabric-screen-handler-api-v1@1.0.1+f362c86e7c, fabric-renderer-api-v1@0.2.13+eae12eb87c, fabric-keybindings-v0@0.2.0+3fa9f7c57c, fabric-command-api-v1@1.0.8+5ce533987c, fabricloader@0.8.8+build.202, fabric-tool-attribute-api-v1@1.1.4+5794386e7c, fabric-renderer-indigo@0.3.1+059ea8667c, fabric-containers-v0@0.1.8+045df74f7c, fabric-dimensions-v1@1.0.0+a71b30537c, fabric-object-builder-api-v1@1.5.4+059ea8667c, fabric-biomes-v1@0.2.7+059ea8667c, fabric-events-interaction-v0@0.3.3+7066030f7c, fabric-crash-report-info-v1@0.1.2+b7f9825d7c, fabric-api-base@0.1.3+12a8474c7c, fabric-rendering-v0@1.1.0+534104907c, fabric-key-binding-api-v1@1.0.0+e16a97747c, fabric-rendering-v1@1.1.2+346247d77c, fabric-rendering-data-attachment-v1@0.1.3+b7f9825d7c, fabric-resource-loader-v0@0.2.5+059ea8667c, fabric-textures-v0@1.0.4+eae12eb87c, fabric-content-registries-v0@0.1.9+059ea8667c, fabric-tag-extensions-v0@0.2.5+5a6e8f4c7c, fabric-rendering-fluids-v1@0.1.7+12a8474c7c, fabric-commands-v0@0.2.0+52d308367c, fabric-registry-sync-v0@0.3.8+7dba2d6c7c, modid@${version}, fabric-blockrenderlayer-v1@1.1.4+c6a8ea897c, fabric-mining-levels-v0@0.1.2+b764ce997c, fabric-renderer-registries-v1@2.0.1+5a0f9a607c, fabric-loot-tables-v1@0.1.10+059ea8667c, fabric-events-lifecycle-v0@0.1.3+0d474ec47c, fabric@0.12.5+build.367-1.16, fabric-item-groups-v0@0.2.0+438f96367c, fabric-particles-v1@0.1.3+4a08d6b27c, fabric-models-v0@0.1.0+dfdb52d67c, fabric-networking-v0@0.1.9+1a47cd787c, fabric-object-builders-v0@0.6.0+da175ad67c
[14:35:20] [main/WARN] (Fabric|Loader) Mod `modid` (${version}) does not respect SemVer - comparison support is limited.
[14:35:20] [main/INFO] (mixin) SpongePowered MIXIN Subsystem Version=0.8 Source=file:/C:/Users/bajti/.gradle/caches/modules-2/files-2.1/net.fabricmc/sponge-mixin/0.8+build.18/af077ad2845a00cde186fa2c99c4dd32bd2a2766/sponge-mixin-0.8+build.18.jar Service=Knot/Fabric Env=CLIENT
[14:35:20] [main/INFO] (Fabric|MixinBootstrap) Loaded Fabric development mappings for mixin remapper!
[14:35:20] [main/INFO] (mixin) Remapping refMap fabric-networking-v0-refmap.json using remapper chain
[14:35:20] [main/INFO] (mixin) Remapping refMap fabric-networking-blockentity-v0-refmap.json using remapper chain
[14:35:20] [main/INFO] (mixin) Remapping refMap fabric-biomes-v1-refmap.json using remapper chain
[14:35:20] [main/INFO] (mixin) Remapping refMap fabric-screen-handler-api-v1-refmap.json using remapper chain
[14:35:20] [main/INFO] (mixin) Remapping refMap fabric-containers-v0-refmap.json using remapper chain
[14:35:20] [main/INFO] (mixin) Remapping refMap fabric-renderer-indigo-refmap.json using remapper chain
[14:35:20] [main/INFO] (mixin) Remapping refMap fabric-rendering-data-attachment-v1-refmap.json using remapper chain
[14:35:20] [main/INFO] (mixin) Remapping refMap fabric-events-interaction-v0-refmap.json using remapper chain
[14:35:20] [main/INFO] (mixin) Remapping refMap fabric-loot-tables-v1-refmap.json using remapper chain
[14:35:20] [main/INFO] (mixin) Remapping refMap fabric-object-builder-api-v1-refmap.json using remapper chain
[14:35:20] [main/INFO] (mixin) Remapping refMap fabric-dimensions-v1-refmap.json using remapper chain
[14:35:20] [main/INFO] (mixin) Remapping refMap fabric-renderer-registries-v1-refmap.json using remapper chain
[14:35:20] [main/INFO] (mixin) Remapping refMap fabric-textures-v0-refmap.json using remapper chain
[14:35:20] [main/INFO] (mixin) Remapping refMap fabric-registry-sync-v0-refmap.json using remapper chain
[14:35:20] [main/INFO] (mixin) Remapping refMap fabric-models-v0-refmap.json using remapper chain
[14:35:20] [main/INFO] (mixin) Remapping refMap fabric-blockrenderlayer-v1-refmap.json using remapper chain
[14:35:20] [main/INFO] (mixin) Remapping refMap fabric-renderer-api-v1-refmap.json using remapper chain
[14:35:20] [main/INFO] (mixin) Remapping refMap fabric-containers-v0-refmap.json using remapper chain
[14:35:20] [main/INFO] (mixin) Remapping refMap fabric-events-lifecycle-v0-refmap.json using remapper chain
[14:35:20] [main/INFO] (mixin) Remapping refMap fabric-rendering-fluids-v1-refmap.json using remapper chain
[14:35:20] [main/INFO] (mixin) Remapping refMap fabric-resource-loader-v0-refmap.json using remapper chain
[14:35:20] [main/INFO] (mixin) Remapping refMap fabric-particles-v1-refmap.json using remapper chain
[14:35:20] [main/INFO] (mixin) Remapping refMap fabric-object-builders-refmap.json using remapper chain
[14:35:20] [main/INFO] (mixin) Remapping refMap fabric-tag-extensions-v0-refmap.json using remapper chain
[14:35:20] [main/INFO] (mixin) Remapping refMap fabric-tool-attribute-api-v1-refmap.json using remapper chain
[14:35:20] [main/INFO] (mixin) Remapping refMap fabric-rendering-v1-refmap.json using remapper chain
[14:35:20] [main/INFO] (mixin) Remapping refMap fabric-item-groups-v0-refmap.json using remapper chain
[14:35:20] [main/INFO] (mixin) Remapping refMap fabric-content-registries-v0-refmap.json using remapper chain
[14:35:20] [main/INFO] (mixin) Remapping refMap fabric-command-api-v1-refmap.json using remapper chain
[14:35:20] [main/INFO] (mixin) Remapping refMap fabric-crash-report-info-v1-refmap.json using remapper chain
[14:35:20] [main/INFO] (mixin) Remapping refMap fabric-key-binding-api-v1-refmap.json using remapper chain
[14:35:20] [main/INFO] (mixin) Remapping refMap fabric-renderer-api-v1-refmap.json using remapper chain
[14:35:20] [main/WARN] (mixin) @Mixin target net/minecraft/server/world/ThreadedAnvilChunkStorage$EntityTracker is public in fabric-networking-v0.mixins.json:MixinEntityTracker and should be specified in value
[14:35:20] [main/WARN] (mixin) @Mixin target net/minecraft/client/render/block/BlockModelRenderer$AmbientOcclusionCalculator is public in fabric-renderer-indigo.mixins.json:MixinAmbientOcclusionCalculator and should be specified in value
[14:35:21] [main/WARN] (mixin) @Mixin target net/minecraft/client/render/chunk/ChunkBuilder$BuiltChunk$RebuildTask is public in fabric-renderer-indigo.mixins.json:MixinChunkRebuildTask and should be specified in value
[14:35:21] [main/WARN] (mixin) @Mixin target net/minecraft/tag/Tag$1 is public in fabric-tag-extensions-v0.mixins.json:MixinTagImpl and should be specified in value
[14:35:21] [main/WARN] (mixin) @Mixin target net/minecraft/tag/GlobalTagAccessor$CachedTag is public in fabric-tag-extensions-v0.mixins.json:MixinTagImpl and should be specified in value
[14:35:21] [main/WARN] (mixin) @Mixin target net/minecraft/tag/SetTag is public in fabric-tag-extensions-v0.mixins.json:MixinTagImpl and should be specified in value
[14:35:24] [main/INFO] (Minecraft) Environment: authHost='https://authserver.mojang.com', accountsHost='https://api.mojang.com', sessionHost='https://sessionserver.mojang.com', name='PROD'
[14:35:24] [main/INFO] (Minecraft) Setting user: Player443
[14:35:24] [main/INFO] (Minecraft) [STDOUT]: Mod sie wczytal pog
[14:35:24] [main/INFO] (Indigo) [Indigo] Registering Indigo renderer!
[14:35:24] [main/INFO] (Minecraft) Backend library: LWJGL version 3.2.2 build 10
[14:35:27] [main/INFO] (Minecraft) Narrator library for x64 successfully loaded
[14:35:27] [main/INFO] (Minecraft) Reloading ResourceManager: Default, Fabric Networking Block Entity (v0), Fabric Screen Handler API (v1), Fabric Renderer API (v1), Fabric Key Bindings (v0), Fabric Tool Attribute API (v1), Fabric Renderer - Indigo, Fabric Containers (v0), Fabric Object Builder API (v1), Fabric Biomes (v1), Fabric Events Interaction (v0), Fabric Crash Report Info (v1), Fabric API Base, Fabric Rendering (v0), Fabric Key Binding API (v1), Fabric Rendering (v1), Fabric Rendering Data Attachment (v1), Fabric Resource Loader (v0), Fabric Textures (v0), Fabric Content Registries (v0), Fabric Tag Extensions (v0), Fabric Rendering Fluids (v1), Fabric Registry Sync (v0), Fabric BlockRenderLayer Registration (v1), Fabric Mining Levels (v0), Fabric Renderer Registries (v1), Fabric Loot Tables (v1), Fabric Events Lifecycle (v0), Fabric API, Fabric Item Groups (v0), Fabric Models (v0), Fabric Networking (v0), Fabric Object Builders (v0)
[14:35:30] [Realms Notification Availability checker #1/INFO] (Minecraft) Could not authorize you against Realms server: Invalid session id
[14:35:30] [Worker-Main-13/WARN] (Minecraft) Unable to load model: 'tutorial:fabric_item#inventory' referenced from: tutorial:fabric_item#inventory: java.io.FileNotFoundException: tutorial:models/item/fabric_item.json
[14:35:31] [main/INFO] (Minecraft) OpenAL initialized.
[14:35:31] [main/INFO] (Minecraft) Sound engine started
[14:35:31] [main/INFO] (Minecraft) Created: 1024x1024x4 minecraft:textures/atlas/blocks.png-atlas
[14:35:31] [main/INFO] (Minecraft) Created: 256x128x4 minecraft:textures/atlas/signs.png-atlas
[14:35:31] [main/INFO] (Minecraft) Created: 1024x512x4 minecraft:textures/atlas/banner_patterns.png-atlas
[14:35:31] [main/INFO] (Minecraft) Created: 1024x512x4 minecraft:textures/atlas/shield_patterns.png-atlas
[14:35:31] [main/INFO] (Minecraft) Created: 256x256x4 minecraft:textures/atlas/chest.png-atlas
[14:35:31] [main/INFO] (Minecraft) Created: 512x256x4 minecraft:textures/atlas/beds.png-atlas
[14:35:31] [main/INFO] (Minecraft) Created: 512x256x4 minecraft:textures/atlas/shulker_boxes.png-atlas
[14:35:32] [main/INFO] (Minecraft) Created: 256x256x0 minecraft:textures/atlas/particles.png-atlas
[14:35:32] [main/INFO] (Minecraft) Created: 256x256x0 minecraft:textures/atlas/paintings.png-atlas
[14:35:32] [main/INFO] (Minecraft) Created: 256x128x0 minecraft:textures/atlas/mob_effects.png-atlas
[14:35:35] [main/WARN] (Minecraft) Ambiguity between arguments [teleport, destination] and [teleport, targets] with inputs: [Player, 0123, @e, dd12be42-52a9-4a91-a8a1-11c01849e498]
[14:35:35] [main/WARN] (Minecraft) Ambiguity between arguments [teleport, location] and [teleport, destination] with inputs: [0.1 -0.5 .9, 0 0 0]
[14:35:35] [main/WARN] (Minecraft) Ambiguity between arguments [teleport, location] and [teleport, targets] with inputs: [0.1 -0.5 .9, 0 0 0]
[14:35:35] [main/WARN] (Minecraft) Ambiguity between arguments [teleport, targets] and [teleport, destination] with inputs: [Player, 0123, dd12be42-52a9-4a91-a8a1-11c01849e498]
[14:35:35] [main/WARN] (Minecraft) Ambiguity between arguments [teleport, targets, location] and [teleport, targets, destination] with inputs: [0.1 -0.5 .9, 0 0 0]
[14:35:35] [main/INFO] (Minecraft) Reloading ResourceManager: Default, Fabric Networking Block Entity (v0), Fabric Screen Handler API (v1), Fabric Renderer API (v1), Fabric Key Bindings (v0), Fabric Tool Attribute API (v1), Fabric Renderer - Indigo, Fabric Containers (v0), Fabric Object Builder API (v1), Fabric Biomes (v1), Fabric Events Interaction (v0), Fabric Crash Report Info (v1), Fabric API Base, Fabric Rendering (v0), Fabric Key Binding API (v1), Fabric Rendering (v1), Fabric Rendering Data Attachment (v1), Fabric Resource Loader (v0), Fabric Textures (v0), Fabric Content Registries (v0), Fabric Tag Extensions (v0), Fabric Rendering Fluids (v1), Fabric Registry Sync (v0), Fabric BlockRenderLayer Registration (v1), Fabric Mining Levels (v0), Fabric Renderer Registries (v1), Fabric Loot Tables (v1), Fabric Events Lifecycle (v0), Fabric API, Fabric Item Groups (v0), Fabric Models (v0), Fabric Networking (v0), Fabric Object Builders (v0), Fabric Tool Attribute API (v1)
[14:35:36] [main/INFO] (Minecraft) Loaded 7 recipes
[14:35:36] [main/INFO] (Minecraft) Loaded 927 advancements
[14:35:36] [main/INFO] (Minecraft) Environment: authHost='https://authserver.mojang.com', accountsHost='https://api.mojang.com', sessionHost='https://sessionserver.mojang.com', name='PROD'
[14:35:36] [Server thread/INFO] (Minecraft) Starting integrated minecraft server version 1.16 Release Candidate 1
[14:35:36] [Server thread/INFO] (Minecraft) Generating keypair
[14:35:36] [Server thread/INFO] (Minecraft) Preparing start region for dimension minecraft:overworld
[14:35:36] [main/INFO] (Minecraft) Preparing spawn area: 0%
[14:35:37] [main/INFO] (Minecraft) Time elapsed: 534 ms
[14:35:37] [Server thread/INFO] (Minecraft) Changing view distance to 11, from 10
[14:35:37] [Server thread/INFO] (Minecraft) Player443[local:E:33893d7c] logged in with entity id 307 at (-117.22846052626012, 74.24190156162175, 72.85504211452951)
[14:35:37] [Server thread/INFO] (Minecraft) Player443 joined the game
[14:35:38] [Server thread/INFO] (Minecraft) Saving and pausing game...
[14:35:38] [Server thread/INFO] (Minecraft) Saving chunks for level 'ServerLevel[New World]'/minecraft:overworld
[14:35:38] [main/INFO] (Minecraft) Loaded 0 advancements
[14:35:38] [Server thread/INFO] (Minecraft) Saving chunks for level 'ServerLevel[New World]'/minecraft:the_nether
[14:35:38] [Server thread/INFO] (Minecraft) Saving chunks for level 'ServerLevel[New World]'/minecraft:the_end
[14:36:04] [Server thread/INFO] (Minecraft) Saving and pausing game...
[14:36:04] [Server thread/INFO] (Minecraft) Saving chunks for level 'ServerLevel[New World]'/minecraft:overworld
[14:36:04] [Server thread/INFO] (Minecraft) Saving chunks for level 'ServerLevel[New World]'/minecraft:the_nether
[14:36:04] [Server thread/INFO] (Minecraft) Saving chunks for level 'ServerLevel[New World]'/minecraft:the_end
[14:36:05] [main/INFO] (Minecraft) Stopping!
[14:36:05] [Server thread/INFO] (Minecraft) Player443 lost connection: Disconnected
[14:36:05] [Server thread/INFO] (Minecraft) Player443 left the game
[14:36:05] [Server thread/INFO] (Minecraft) Stopping singleplayer server as player logged out
[14:36:05] [Server thread/INFO] (Minecraft) Stopping server
[14:36:05] [Server thread/INFO] (Minecraft) Saving players
[14:36:05] [Server thread/INFO] (Minecraft) Saving worlds
[14:36:05] [Server thread/INFO] (Minecraft) Saving chunks for level 'ServerLevel[New World]'/minecraft:overworld
[14:36:05] [Server thread/INFO] (Minecraft) ThreadedAnvilChunkStorage (New World): All chunks are saved
[14:36:05] [Server thread/INFO] (Minecraft) Saving chunks for level 'ServerLevel[New World]'/minecraft:the_nether
[14:36:05] [Server thread/INFO] (Minecraft) ThreadedAnvilChunkStorage (DIM-1): All chunks are saved
[14:36:05] [Server thread/INFO] (Minecraft) Saving chunks for level 'ServerLevel[New World]'/minecraft:the_end
[14:36:05] [Server thread/INFO] (Minecraft) ThreadedAnvilChunkStorage (DIM1): All chunks are saved
[14:36:05] [Server thread/INFO] (Minecraft) ThreadedAnvilChunkStorage (New World): All chunks are saved
[14:36:05] [Server thread/INFO] (Minecraft) ThreadedAnvilChunkStorage (DIM-1): All chunks are saved
[14:36:05] [Server thread/INFO] (Minecraft) ThreadedAnvilChunkStorage (DIM1): All chunks are saved
